Using pre-set license
Built from '2021.3/staging' branch; Version is '2021.3.4f1 (cb45f9cae8b7) revision 13321721'; Using compiler version '192829333'; Build Type 'Release'
OS: 'Windows 10  (10.0.19045) 64bit Enterprise' Language: 'en' Physical Memory: 32622 MB
BatchMode: 1, IsHumanControllingUs: 0, StartBugReporterOnCrash: 0, Is64bit: 1, IsPro: 1

COMMAND LINE ARGUMENTS:
C:\Program Files\Unity\Hub\Editor\2021.3.4f1\Editor\Unity.exe
-adb2
-batchMode
-noUpm
-name
AssetImportWorker2
-projectPath
C:/Users/OptiTrack/Desktop/TOMMASOHP/HPPROJECT1 - Copy
-logFile
Logs/AssetImportWorker2.log
-srvPort
57440
Successfully changed project path to: C:/Users/OptiTrack/Desktop/TOMMASOHP/HPPROJECT1 - Copy
C:/Users/OptiTrack/Desktop/TOMMASOHP/HPPROJECT1 - Copy
[UnityMemory] Configuration Parameters - Can be set up in boot.config
    "memorysetup-bucket-allocator-granularity=16"
    "memorysetup-bucket-allocator-bucket-count=8"
    "memorysetup-bucket-allocator-block-size=33554432"
    "memorysetup-bucket-allocator-block-count=8"
    "memorysetup-main-allocator-block-size=16777216"
    "memorysetup-thread-allocator-block-size=16777216"
    "memorysetup-gfx-main-allocator-block-size=16777216"
    "memorysetup-gfx-thread-allocator-block-size=16777216"
    "memorysetup-cache-allocator-block-size=4194304"
    "memorysetup-typetree-allocator-block-size=2097152"
    "memorysetup-profiler-bucket-allocator-granularity=16"
    "memorysetup-profiler-bucket-allocator-bucket-count=8"
    "memorysetup-profiler-bucket-allocator-block-size=33554432"
    "memorysetup-profiler-bucket-allocator-block-count=8"
    "memorysetup-profiler-allocator-block-size=16777216"
    "memorysetup-profiler-editor-allocator-block-size=1048576"
    "memorysetup-temp-allocator-size-main=16777216"
    "memorysetup-job-temp-allocator-block-size=2097152"
    "memorysetup-job-temp-allocator-block-size-background=1048576"
    "memorysetup-job-temp-allocator-reduction-small-platforms=262144"
    "memorysetup-temp-allocator-size-background-worker=32768"
    "memorysetup-temp-allocator-size-job-worker=262144"
    "memorysetup-temp-allocator-size-preload-manager=33554432"
    "memorysetup-temp-allocator-size-nav-mesh-worker=65536"
    "memorysetup-temp-allocator-size-audio-worker=65536"
    "memorysetup-temp-allocator-size-cloud-worker=32768"
    "memorysetup-temp-allocator-size-gi-baking-worker=262144"
    "memorysetup-temp-allocator-size-gfx=262144"
Refreshing native plugins compatible for Editor in 105.20 ms, found 8 plugins.
Preloading 0 native plugins for Editor in 0.00 ms.
Initialize engine version: 2021.3.4f1 (cb45f9cae8b7)
[Subsystems] Discovering subsystems at path C:/Program Files/Unity/Hub/Editor/2021.3.4f1/Editor/Data/Resources/UnitySubsystems
[Subsystems] Discovering subsystems at path C:/Users/OptiTrack/Desktop/TOMMASOHP/HPPROJECT1 - Copy/Assets
GfxDevice: creating device client; threaded=0; jobified=0
Direct3D:
    Version:  Direct3D 11.0 [level 11.1]
    Renderer: NVIDIA GeForce RTX 3070 (ID=0x2488)
    Vendor:   NVIDIA
    VRAM:     8043 MB
    Driver:   31.0.15.1694
Initialize mono
Mono path[0] = 'C:/Program Files/Unity/Hub/Editor/2021.3.4f1/Editor/Data/Managed'
Mono path[1] = 'C:/Program Files/Unity/Hub/Editor/2021.3.4f1/Editor/Data/MonoBleedingEdge/lib/mono/unityjit-win32'
Mono config path = 'C:/Program Files/Unity/Hub/Editor/2021.3.4f1/Editor/Data/MonoBleedingEdge/etc'
Using monoOptions --debugger-agent=transport=dt_socket,embedding=1,server=y,suspend=n,address=127.0.0.1:56152
Begin MonoManager ReloadAssembly
Registering precompiled unity dll's ...
Register platform support module: C:/Program Files/Unity/Hub/Editor/2021.3.4f1/Editor/Data/PlaybackEngines/AndroidPlayer/UnityEditor.Android.Extensions.dll
Register platform support module: C:/Program Files/Unity/Hub/Editor/2021.3.4f1/Editor/Data/PlaybackEngines/WindowsStandaloneSupport/UnityEditor.WindowsStandalone.Extensions.dll
Registered in 0.003808 seconds.
Native extension for WindowsStandalone target not found
Native extension for Android target not found
Refreshing native plugins compatible for Editor in 82.30 ms, found 8 plugins.
Preloading 0 native plugins for Editor in 0.00 ms.
Mono: successfully reloaded assembly
- Completed reload, in  0.435 seconds
Domain Reload Profiling:
	ReloadAssembly (436ms)
		BeginReloadAssembly (46ms)
			ExecutionOrderSort (0ms)
			DisableScriptedObjects (0ms)
			BackupInstance (0ms)
			ReleaseScriptingObjects (0ms)
			CreateAndSetChildDomain (1ms)
		EndReloadAssembly (321ms)
			LoadAssemblies (45ms)
			RebuildTransferFunctionScriptingTraits (0ms)
			SetupTypeCache (65ms)
			ReleaseScriptCaches (0ms)
			RebuildScriptCaches (17ms)
			SetupLoadedEditorAssemblies (205ms)
				LogAssemblyErrors (0ms)
				InitializePlatformSupportModulesInManaged (35ms)
				SetLoadedEditorAssemblies (0ms)
				RefreshPlugins (82ms)
				BeforeProcessingInitializeOnLoad (1ms)
				ProcessInitializeOnLoadAttributes (60ms)
				ProcessInitializeOnLoadMethodAttributes (27ms)
				AfterProcessingInitializeOnLoad (0ms)
				EditorAssembliesLoaded (0ms)
			ExecutionOrderSort2 (0ms)
			AwakeInstancesAfterBackupRestoration (0ms)
Platform modules already initialized, skipping
Registering precompiled user dll's ...
Registered in 0.005634 seconds.
Begin MonoManager ReloadAssembly
Symbol file LoadedFromMemory doesn't match image C:\Users\OptiTrack\Desktop\TOMMASOHP\HPPROJECT1 - Copy\Library\PackageCache\com.unity.visualscripting@1.7.8\Editor\VisualScripting.Core\Dependencies\DotNetZip\Unity.VisualScripting.IonicZip.dll
Symbol file LoadedFromMemory doesn't match image C:\Users\OptiTrack\Desktop\TOMMASOHP\HPPROJECT1 - Copy\Library\PackageCache\com.unity.visualscripting@1.7.8\Editor\VisualScripting.Core\Dependencies\YamlDotNet\Unity.VisualScripting.YamlDotNet.dll
Native extension for WindowsStandalone target not found
Native extension for Android target not found
Refreshing native plugins compatible for Editor in 86.21 ms, found 8 plugins.
Preloading 0 native plugins for Editor in 0.00 ms.
Package Manager log level set to [2]
Mono: successfully reloaded assembly
- Completed reload, in  1.072 seconds
Domain Reload Profiling:
	ReloadAssembly (1073ms)
		BeginReloadAssembly (185ms)
			ExecutionOrderSort (0ms)
			DisableScriptedObjects (3ms)
			BackupInstance (0ms)
			ReleaseScriptingObjects (0ms)
			CreateAndSetChildDomain (126ms)
		EndReloadAssembly (810ms)
			LoadAssemblies (59ms)
			RebuildTransferFunctionScriptingTraits (0ms)
			SetupTypeCache (184ms)
			ReleaseScriptCaches (0ms)
			RebuildScriptCaches (45ms)
			SetupLoadedEditorAssemblies (493ms)
				LogAssemblyErrors (0ms)
				InitializePlatformSupportModulesInManaged (8ms)
				SetLoadedEditorAssemblies (0ms)
				RefreshPlugins (86ms)
				BeforeProcessingInitializeOnLoad (83ms)
				ProcessInitializeOnLoadAttributes (261ms)
				ProcessInitializeOnLoadMethodAttributes (50ms)
				AfterProcessingInitializeOnLoad (4ms)
				EditorAssembliesLoaded (0ms)
			ExecutionOrderSort2 (0ms)
			AwakeInstancesAfterBackupRestoration (4ms)
Platform modules already initialized, skipping
========================================================================
Worker process is ready to serve import requests
Launched and connected shader compiler UnityShaderCompiler.exe after 0.02 seconds
Refreshing native plugins compatible for Editor in 0.95 ms, found 8 plugins.
Preloading 0 native plugins for Editor in 0.00 ms.
Unloading 6205 Unused Serialized files (Serialized files now loaded: 0)
Unloading 76 unused Assets / (1.9 MB). Loaded Objects now: 6652.
Memory consumption went from 253.0 MB to 251.1 MB.
Total: 3.438200 ms (FindLiveObjects: 0.486200 ms CreateObjectMapping: 0.203400 ms MarkObjects: 2.364100 ms  DeleteObjects: 0.383500 ms)

AssetImportParameters requested are different than current active one (requested -> active):
  custom:video-decoder-ogg-theora: a1e56fd34408186e4bbccfd4996cb3dc -> 
  custom:container-muxer-webm: aa71ff27fc2769a1b78a27578f13a17b -> 
  custom:container-demuxer-webm: 4f35f7cbe854078d1ac9338744f61a02 -> 
  custom:video-encoder-webm-vp8: eb34c28f22e8b96e1ab97ce403110664 -> 
  custom:audio-encoder-webm-vorbis: bf7c407c2cedff20999df2af8eb42d56 -> 
  custom:framework-win-MediaFoundation: 216162199b28c13a410421893ffa2e32 -> 
  custom:container-demuxer-ogg: 62fdf1f143b41e24485cea50d1cbac27 -> 
  custom:video-decoder-webm-vp8: 9c59270c3fd7afecdb556c50c9e8de78 -> 
  custom:audio-decoder-ogg-vorbis: bf7c407c2cedff20999df2af8eb42d56 -> 
========================================================================
Received Import Request.
  Time since last request: 5408.133370 seconds.
  path: Assets/Ancient Egypt Pack - Low Poly (HA)/CHARACTERS/poses/TALKING1.controller
  artifactKey: Guid(d68727217e4bd4a469fdfbe0126f4642) Importer(815301076,1909f56bfc062723c751e8b465ee728b)
Start importing Assets/Ancient Egypt Pack - Low Poly (HA)/CHARACTERS/poses/TALKING1.controller using Guid(d68727217e4bd4a469fdfbe0126f4642) Importer(815301076,1909f56bfc062723c751e8b465ee728b)  -> (artifact id: 'f4f2a918e90419960ee2b14646b168d9') in 0.025979 seconds 
========================================================================
Received Prepare
Registering precompiled user dll's ...
Registered in 0.005565 seconds.
Begin MonoManager ReloadAssembly
Symbol file LoadedFromMemory doesn't match image C:\Users\OptiTrack\Desktop\TOMMASOHP\HPPROJECT1 - Copy\Library\PackageCache\com.unity.visualscripting@1.7.8\Editor\VisualScripting.Core\Dependencies\DotNetZip\Unity.VisualScripting.IonicZip.dll
Symbol file LoadedFromMemory doesn't match image C:\Users\OptiTrack\Desktop\TOMMASOHP\HPPROJECT1 - Copy\Library\PackageCache\com.unity.visualscripting@1.7.8\Editor\VisualScripting.Core\Dependencies\YamlDotNet\Unity.VisualScripting.YamlDotNet.dll
Native extension for WindowsStandalone target not found
Native extension for Android target not found
Refreshing native plugins compatible for Editor in 0.81 ms, found 8 plugins.
Preloading 0 native plugins for Editor in 0.00 ms.
Mono: successfully reloaded assembly
- Completed reload, in  1.034 seconds
Domain Reload Profiling:
	ReloadAssembly (1035ms)
		BeginReloadAssembly (104ms)
			ExecutionOrderSort (0ms)
			DisableScriptedObjects (3ms)
			BackupInstance (0ms)
			ReleaseScriptingObjects (0ms)
			CreateAndSetChildDomain (32ms)
		EndReloadAssembly (861ms)
			LoadAssemblies (64ms)
			RebuildTransferFunctionScriptingTraits (0ms)
			SetupTypeCache (194ms)
			ReleaseScriptCaches (2ms)
			RebuildScriptCaches (37ms)
			SetupLoadedEditorAssemblies (518ms)
				LogAssemblyErrors (0ms)
				InitializePlatformSupportModulesInManaged (14ms)
				SetLoadedEditorAssemblies (0ms)
				RefreshPlugins (1ms)
				BeforeProcessingInitializeOnLoad (77ms)
				ProcessInitializeOnLoadAttributes (348ms)
				ProcessInitializeOnLoadMethodAttributes (73ms)
				AfterProcessingInitializeOnLoad (6ms)
				EditorAssembliesLoaded (0ms)
			ExecutionOrderSort2 (0ms)
			AwakeInstancesAfterBackupRestoration (13ms)
Platform modules already initialized, skipping
Refreshing native plugins compatible for Editor in 4.20 ms, found 8 plugins.
Preloading 0 native plugins for Editor in 0.00 ms.
Unloading 6029 Unused Serialized files (Serialized files now loaded: 0)
Unloading 55 unused Assets / (1.8 MB). Loaded Objects now: 6656.
Memory consumption went from 250.2 MB to 248.4 MB.
Total: 3.341700 ms (FindLiveObjects: 0.401700 ms CreateObjectMapping: 0.299300 ms MarkObjects: 2.357000 ms  DeleteObjects: 0.282600 ms)

AssetImportParameters requested are different than current active one (requested -> active):
  custom:video-decoder-ogg-theora: a1e56fd34408186e4bbccfd4996cb3dc -> 
  custom:container-muxer-webm: aa71ff27fc2769a1b78a27578f13a17b -> 
  custom:container-demuxer-webm: 4f35f7cbe854078d1ac9338744f61a02 -> 
  custom:video-encoder-webm-vp8: eb34c28f22e8b96e1ab97ce403110664 -> 
  custom:audio-encoder-webm-vorbis: bf7c407c2cedff20999df2af8eb42d56 -> 
  custom:framework-win-MediaFoundation: 216162199b28c13a410421893ffa2e32 -> 
  custom:container-demuxer-ogg: 62fdf1f143b41e24485cea50d1cbac27 -> 
  custom:video-decoder-webm-vp8: 9c59270c3fd7afecdb556c50c9e8de78 -> 
  custom:audio-decoder-ogg-vorbis: bf7c407c2cedff20999df2af8eb42d56 -> 
========================================================================
Received Import Request.
  Time since last request: 463.017335 seconds.
  path: Assets/Ancient Egypt Pack - Low Poly (HA)/CHARACTERS/poses/TALKING2.controller
  artifactKey: Guid(afeaf5a40b0cacc4c8b63aa5fde9cde0) Importer(815301076,1909f56bfc062723c751e8b465ee728b)
Start importing Assets/Ancient Egypt Pack - Low Poly (HA)/CHARACTERS/poses/TALKING2.controller using Guid(afeaf5a40b0cacc4c8b63aa5fde9cde0) Importer(815301076,1909f56bfc062723c751e8b465ee728b)  -> (artifact id: '11a7855ced7802ad4a58d677098f9050') in 0.023392 seconds 
========================================================================
Received Import Request.
  Time since last request: 58.005575 seconds.
  path: Assets/Ancient Egypt Pack - Low Poly (HA)/CHARACTERS/poses/Standing Arguing (2) 1.fbx
  artifactKey: Guid(a9fc44d930f83bd4fae48695fd96faa6) Importer(815301076,1909f56bfc062723c751e8b465ee728b)
Start importing Assets/Ancient Egypt Pack - Low Poly (HA)/CHARACTERS/poses/Standing Arguing (2) 1.fbx using Guid(a9fc44d930f83bd4fae48695fd96faa6) Importer(815301076,1909f56bfc062723c751e8b465ee728b)  -> (artifact id: 'c907d37785694e5188d1cea9a34eaee5') in 0.193291 seconds 
========================================================================
Received Import Request.
  Time since last request: 30.561703 seconds.
  path: Assets/Ancient Egypt Pack - Low Poly (HA)/CHARACTERS/poses/TTALKING.fbx
  artifactKey: Guid(a9fc44d930f83bd4fae48695fd96faa6) Importer(815301076,1909f56bfc062723c751e8b465ee728b)
Start importing Assets/Ancient Egypt Pack - Low Poly (HA)/CHARACTERS/poses/TTALKING.fbx using Guid(a9fc44d930f83bd4fae48695fd96faa6) Importer(815301076,1909f56bfc062723c751e8b465ee728b)  -> (artifact id: '543745a9cff5102d688f53152bd11fa5') in 0.031243 seconds 
========================================================================
Received Import Request.
  Time since last request: 7.036794 seconds.
  path: Assets/Ancient Egypt Pack - Low Poly (HA)/CHARACTERS/poses/TTALKING 1.fbx
  artifactKey: Guid(d4076533e4a8ffe45a68309bf7e9b161) Importer(815301076,1909f56bfc062723c751e8b465ee728b)
Start importing Assets/Ancient Egypt Pack - Low Poly (HA)/CHARACTERS/poses/TTALKING 1.fbx using Guid(d4076533e4a8ffe45a68309bf7e9b161) Importer(815301076,1909f56bfc062723c751e8b465ee728b)  -> (artifact id: 'a53c65c316a662af0a00807178b01f47') in 0.032129 seconds 
========================================================================
Received Import Request.
  Time since last request: 14.148118 seconds.
  path: Assets/Ancient Egypt Pack - Low Poly (HA)/CHARACTERS/poses/TTALKING 1.fbx
  artifactKey: Guid(d4076533e4a8ffe45a68309bf7e9b161) Importer(815301076,1909f56bfc062723c751e8b465ee728b)
Start importing Assets/Ancient Egypt Pack - Low Poly (HA)/CHARACTERS/poses/TTALKING 1.fbx using Guid(d4076533e4a8ffe45a68309bf7e9b161) Importer(815301076,1909f56bfc062723c751e8b465ee728b)  -> (artifact id: 'aa0bbc0da5654c408cd8d1600cf08596') in 0.028615 seconds 
========================================================================
Received Import Request.
  Time since last request: 10.400423 seconds.
  path: Assets/Ancient Egypt Pack - Low Poly (HA)/CHARACTERS/poses/TTALKING.fbx
  artifactKey: Guid(a9fc44d930f83bd4fae48695fd96faa6) Importer(815301076,1909f56bfc062723c751e8b465ee728b)
Start importing Assets/Ancient Egypt Pack - Low Poly (HA)/CHARACTERS/poses/TTALKING.fbx using Guid(a9fc44d930f83bd4fae48695fd96faa6) Importer(815301076,1909f56bfc062723c751e8b465ee728b)  -> (artifact id: '6f888e35fd66c694d88c08947c3595ed') in 0.027914 seconds 
========================================================================
Received Import Request.
  Time since last request: 1.889617 seconds.
  path: Assets/Ancient Egypt Pack - Low Poly (HA)/CHARACTERS/poses/TALKING.controller
  artifactKey: Guid(13dd1de6a7f0da042907408c306b053a) Importer(815301076,1909f56bfc062723c751e8b465ee728b)
Start importing Assets/Ancient Egypt Pack - Low Poly (HA)/CHARACTERS/poses/TALKING.controller using Guid(13dd1de6a7f0da042907408c306b053a) Importer(815301076,1909f56bfc062723c751e8b465ee728b)  -> (artifact id: '7f1dc1bb4d558fd26e732c5d58c25675') in 0.002251 seconds 
========================================================================
Received Import Request.
  Time since last request: 11.807991 seconds.
  path: Assets/Ancient Egypt Pack - Low Poly (HA)/CHARACTERS/poses/TALKING1.controller
  artifactKey: Guid(d68727217e4bd4a469fdfbe0126f4642) Importer(815301076,1909f56bfc062723c751e8b465ee728b)
Start importing Assets/Ancient Egypt Pack - Low Poly (HA)/CHARACTERS/poses/TALKING1.controller using Guid(d68727217e4bd4a469fdfbe0126f4642) Importer(815301076,1909f56bfc062723c751e8b465ee728b)  -> (artifact id: '0113d95cad0826b07333a1afa3c69717') in 0.002263 seconds 
========================================================================
Received Import Request.
  Time since last request: 5.550556 seconds.
  path: Assets/Ancient Egypt Pack - Low Poly (HA)/CHARACTERS/poses/TALKING2.controller
  artifactKey: Guid(afeaf5a40b0cacc4c8b63aa5fde9cde0) Importer(815301076,1909f56bfc062723c751e8b465ee728b)
Start importing Assets/Ancient Egypt Pack - Low Poly (HA)/CHARACTERS/poses/TALKING2.controller using Guid(afeaf5a40b0cacc4c8b63aa5fde9cde0) Importer(815301076,1909f56bfc062723c751e8b465ee728b)  -> (artifact id: 'dd57248b2e22f09c943fa8002e5cdb8b') in 0.002126 seconds 
========================================================================
Received Prepare
Registering precompiled user dll's ...
Registered in 0.005318 seconds.
Begin MonoManager ReloadAssembly
Symbol file LoadedFromMemory doesn't match image C:\Users\OptiTrack\Desktop\TOMMASOHP\HPPROJECT1 - Copy\Library\PackageCache\com.unity.visualscripting@1.7.8\Editor\VisualScripting.Core\Dependencies\DotNetZip\Unity.VisualScripting.IonicZip.dll
Symbol file LoadedFromMemory doesn't match image C:\Users\OptiTrack\Desktop\TOMMASOHP\HPPROJECT1 - Copy\Library\PackageCache\com.unity.visualscripting@1.7.8\Editor\VisualScripting.Core\Dependencies\YamlDotNet\Unity.VisualScripting.YamlDotNet.dll
Native extension for WindowsStandalone target not found
Native extension for Android target not found
Refreshing native plugins compatible for Editor in 0.81 ms, found 8 plugins.
Preloading 0 native plugins for Editor in 0.00 ms.
Mono: successfully reloaded assembly
- Completed reload, in  1.005 seconds
Domain Reload Profiling:
	ReloadAssembly (1006ms)
		BeginReloadAssembly (104ms)
			ExecutionOrderSort (0ms)
			DisableScriptedObjects (5ms)
			BackupInstance (0ms)
			ReleaseScriptingObjects (0ms)
			CreateAndSetChildDomain (32ms)
		EndReloadAssembly (826ms)
			LoadAssemblies (65ms)
			RebuildTransferFunctionScriptingTraits (0ms)
			SetupTypeCache (201ms)
			ReleaseScriptCaches (1ms)
			RebuildScriptCaches (41ms)
			SetupLoadedEditorAssemblies (455ms)
				LogAssemblyErrors (0ms)
				InitializePlatformSupportModulesInManaged (13ms)
				SetLoadedEditorAssemblies (0ms)
				RefreshPlugins (1ms)
				BeforeProcessingInitializeOnLoad (68ms)
				ProcessInitializeOnLoadAttributes (293ms)
				ProcessInitializeOnLoadMethodAttributes (73ms)
				AfterProcessingInitializeOnLoad (6ms)
				EditorAssembliesLoaded (0ms)
			ExecutionOrderSort2 (0ms)
			AwakeInstancesAfterBackupRestoration (20ms)
Platform modules already initialized, skipping
Refreshing native plugins compatible for Editor in 3.08 ms, found 8 plugins.
Preloading 0 native plugins for Editor in 0.00 ms.
Unloading 6037 Unused Serialized files (Serialized files now loaded: 0)
Unloading 55 unused Assets / (1.8 MB). Loaded Objects now: 6753.
Memory consumption went from 257.8 MB to 256.0 MB.
Total: 3.012800 ms (FindLiveObjects: 0.282300 ms CreateObjectMapping: 0.161900 ms MarkObjects: 2.272300 ms  DeleteObjects: 0.295600 ms)

AssetImportParameters requested are different than current active one (requested -> active):
  custom:video-decoder-ogg-theora: a1e56fd34408186e4bbccfd4996cb3dc -> 
  custom:container-muxer-webm: aa71ff27fc2769a1b78a27578f13a17b -> 
  custom:container-demuxer-webm: 4f35f7cbe854078d1ac9338744f61a02 -> 
  custom:video-encoder-webm-vp8: eb34c28f22e8b96e1ab97ce403110664 -> 
  custom:audio-encoder-webm-vorbis: bf7c407c2cedff20999df2af8eb42d56 -> 
  custom:framework-win-MediaFoundation: 216162199b28c13a410421893ffa2e32 -> 
  custom:container-demuxer-ogg: 62fdf1f143b41e24485cea50d1cbac27 -> 
  custom:video-decoder-webm-vp8: 9c59270c3fd7afecdb556c50c9e8de78 -> 
  custom:audio-decoder-ogg-vorbis: bf7c407c2cedff20999df2af8eb42d56 -> 
========================================================================
Received Prepare
Registering precompiled user dll's ...
Registered in 0.005415 seconds.
Begin MonoManager ReloadAssembly
Symbol file LoadedFromMemory doesn't match image C:\Users\OptiTrack\Desktop\TOMMASOHP\HPPROJECT1 - Copy\Library\PackageCache\com.unity.visualscripting@1.7.8\Editor\VisualScripting.Core\Dependencies\DotNetZip\Unity.VisualScripting.IonicZip.dll
Symbol file LoadedFromMemory doesn't match image C:\Users\OptiTrack\Desktop\TOMMASOHP\HPPROJECT1 - Copy\Library\PackageCache\com.unity.visualscripting@1.7.8\Editor\VisualScripting.Core\Dependencies\YamlDotNet\Unity.VisualScripting.YamlDotNet.dll
Native extension for WindowsStandalone target not found
Native extension for Android target not found
Refreshing native plugins compatible for Editor in 1.22 ms, found 8 plugins.
Preloading 0 native plugins for Editor in 0.00 ms.
Mono: successfully reloaded assembly
- Completed reload, in  1.059 seconds
Domain Reload Profiling:
	ReloadAssembly (1059ms)
		BeginReloadAssembly (105ms)
			ExecutionOrderSort (0ms)
			DisableScriptedObjects (3ms)
			BackupInstance (0ms)
			ReleaseScriptingObjects (0ms)
			CreateAndSetChildDomain (28ms)
		EndReloadAssembly (870ms)
			LoadAssemblies (68ms)
			RebuildTransferFunctionScriptingTraits (0ms)
			SetupTypeCache (200ms)
			ReleaseScriptCaches (1ms)
			RebuildScriptCaches (35ms)
			SetupLoadedEditorAssemblies (503ms)
				LogAssemblyErrors (0ms)
				InitializePlatformSupportModulesInManaged (15ms)
				SetLoadedEditorAssemblies (0ms)
				RefreshPlugins (1ms)
				BeforeProcessingInitializeOnLoad (66ms)
				ProcessInitializeOnLoadAttributes (334ms)
				ProcessInitializeOnLoadMethodAttributes (79ms)
				AfterProcessingInitializeOnLoad (8ms)
				EditorAssembliesLoaded (0ms)
			ExecutionOrderSort2 (0ms)
			AwakeInstancesAfterBackupRestoration (20ms)
Platform modules already initialized, skipping
Refreshing native plugins compatible for Editor in 5.17 ms, found 8 plugins.
Preloading 0 native plugins for Editor in 0.00 ms.
Unloading 6037 Unused Serialized files (Serialized files now loaded: 0)
Unloading 55 unused Assets / (1.8 MB). Loaded Objects now: 6757.
Memory consumption went from 257.8 MB to 255.9 MB.
Total: 3.769200 ms (FindLiveObjects: 0.411300 ms CreateObjectMapping: 0.302600 ms MarkObjects: 2.735900 ms  DeleteObjects: 0.317500 ms)

AssetImportParameters requested are different than current active one (requested -> active):
  custom:video-decoder-ogg-theora: a1e56fd34408186e4bbccfd4996cb3dc -> 
  custom:container-muxer-webm: aa71ff27fc2769a1b78a27578f13a17b -> 
  custom:container-demuxer-webm: 4f35f7cbe854078d1ac9338744f61a02 -> 
  custom:video-encoder-webm-vp8: eb34c28f22e8b96e1ab97ce403110664 -> 
  custom:audio-encoder-webm-vorbis: bf7c407c2cedff20999df2af8eb42d56 -> 
  custom:framework-win-MediaFoundation: 216162199b28c13a410421893ffa2e32 -> 
  custom:container-demuxer-ogg: 62fdf1f143b41e24485cea50d1cbac27 -> 
  custom:video-decoder-webm-vp8: 9c59270c3fd7afecdb556c50c9e8de78 -> 
  custom:audio-decoder-ogg-vorbis: bf7c407c2cedff20999df2af8eb42d56 -> 
========================================================================
Received Import Request.
  Time since last request: 1025.873337 seconds.
  path: Assets/New Terrain.asset
  artifactKey: Guid(d23328325c91011419ebc8ada3220452) Importer(815301076,1909f56bfc062723c751e8b465ee728b)
Start importing Assets/New Terrain.asset using Guid(d23328325c91011419ebc8ada3220452) Importer(815301076,1909f56bfc062723c751e8b465ee728b)  -> (artifact id: 'f074d43d4c252e21d00e3b1e9f2dffd6') in 0.058779 seconds 
========================================================================
Received Import Request.
  Time since last request: 11.946973 seconds.
  path: Assets/MUSIC
  artifactKey: Guid(463ff27d97cdac0418282530b2b2207a) Importer(815301076,1909f56bfc062723c751e8b465ee728b)
Start importing Assets/MUSIC using Guid(463ff27d97cdac0418282530b2b2207a) Importer(815301076,1909f56bfc062723c751e8b465ee728b)  -> (artifact id: '9dcda2f5d5cba99f05506227a82107e2') in 0.004029 seconds 
========================================================================
Received Import Request.
  Time since last request: 86.184156 seconds.
  path: Assets/Free Stylized Skybox
  artifactKey: Guid(a6364b7aa92f10e4688cac0729d711de) Importer(815301076,1909f56bfc062723c751e8b465ee728b)
Start importing Assets/Free Stylized Skybox using Guid(a6364b7aa92f10e4688cac0729d711de) Importer(815301076,1909f56bfc062723c751e8b465ee728b)  -> (artifact id: '235aa41a8a6bff0ca0d6880a2c500806') in 0.006300 seconds 
========================================================================
Received Import Request.
  Time since last request: 1.273827 seconds.
  path: Assets/MUSIC/y2mate.com - Oriental Cinematic Middle East Drone by Alexi Action  No Copyright Music Duduk.mp3
  artifactKey: Guid(be7f33fd9df48b94bbd0bd880444b61d) Importer(815301076,1909f56bfc062723c751e8b465ee728b)
Start importing Assets/MUSIC/y2mate.com - Oriental Cinematic Middle East Drone by Alexi Action  No Copyright Music Duduk.mp3 using Guid(be7f33fd9df48b94bbd0bd880444b61d) Importer(815301076,1909f56bfc062723c751e8b465ee728b)  -> (artifact id: '3363936ad1da8548a01e8e8a056fa383') in 0.026465 seconds 
========================================================================
Received Prepare
Registering precompiled user dll's ...
Registered in 0.005665 seconds.
Begin MonoManager ReloadAssembly
Symbol file LoadedFromMemory doesn't match image C:\Users\OptiTrack\Desktop\TOMMASOHP\HPPROJECT1 - Copy\Library\PackageCache\com.unity.visualscripting@1.7.8\Editor\VisualScripting.Core\Dependencies\DotNetZip\Unity.VisualScripting.IonicZip.dll
Symbol file LoadedFromMemory doesn't match image C:\Users\OptiTrack\Desktop\TOMMASOHP\HPPROJECT1 - Copy\Library\PackageCache\com.unity.visualscripting@1.7.8\Editor\VisualScripting.Core\Dependencies\YamlDotNet\Unity.VisualScripting.YamlDotNet.dll
Native extension for WindowsStandalone target not found
Native extension for Android target not found
Refreshing native plugins compatible for Editor in 0.93 ms, found 8 plugins.
Preloading 0 native plugins for Editor in 0.00 ms.
Mono: successfully reloaded assembly
- Completed reload, in  0.955 seconds
Domain Reload Profiling:
	ReloadAssembly (955ms)
		BeginReloadAssembly (103ms)
			ExecutionOrderSort (0ms)
			DisableScriptedObjects (3ms)
			BackupInstance (0ms)
			ReleaseScriptingObjects (0ms)
			CreateAndSetChildDomain (32ms)
		EndReloadAssembly (780ms)
			LoadAssemblies (65ms)
			RebuildTransferFunctionScriptingTraits (0ms)
			SetupTypeCache (199ms)
			ReleaseScriptCaches (1ms)
			RebuildScriptCaches (36ms)
			SetupLoadedEditorAssemblies (424ms)
				LogAssemblyErrors (0ms)
				InitializePlatformSupportModulesInManaged (14ms)
				SetLoadedEditorAssemblies (0ms)
				RefreshPlugins (1ms)
				BeforeProcessingInitializeOnLoad (66ms)
				ProcessInitializeOnLoadAttributes (280ms)
				ProcessInitializeOnLoadMethodAttributes (57ms)
				AfterProcessingInitializeOnLoad (4ms)
				EditorAssembliesLoaded (0ms)
			ExecutionOrderSort2 (0ms)
			AwakeInstancesAfterBackupRestoration (13ms)
Platform modules already initialized, skipping
Refreshing native plugins compatible for Editor in 4.18 ms, found 8 plugins.
Preloading 0 native plugins for Editor in 0.00 ms.
Unloading 6037 Unused Serialized files (Serialized files now loaded: 0)
Unloading 55 unused Assets / (1.8 MB). Loaded Objects now: 6766.
Memory consumption went from 257.7 MB to 255.8 MB.
Total: 3.983300 ms (FindLiveObjects: 0.401100 ms CreateObjectMapping: 0.216700 ms MarkObjects: 2.696000 ms  DeleteObjects: 0.668500 ms)

AssetImportParameters requested are different than current active one (requested -> active):
  custom:video-decoder-ogg-theora: a1e56fd34408186e4bbccfd4996cb3dc -> 
  custom:container-muxer-webm: aa71ff27fc2769a1b78a27578f13a17b -> 
  custom:container-demuxer-webm: 4f35f7cbe854078d1ac9338744f61a02 -> 
  custom:video-encoder-webm-vp8: eb34c28f22e8b96e1ab97ce403110664 -> 
  custom:audio-encoder-webm-vorbis: bf7c407c2cedff20999df2af8eb42d56 -> 
  custom:framework-win-MediaFoundation: 216162199b28c13a410421893ffa2e32 -> 
  custom:container-demuxer-ogg: 62fdf1f143b41e24485cea50d1cbac27 -> 
  custom:video-decoder-webm-vp8: 9c59270c3fd7afecdb556c50c9e8de78 -> 
  custom:audio-decoder-ogg-vorbis: bf7c407c2cedff20999df2af8eb42d56 -> 
